2023-11-29 22:56:59,847 [Worker-4: Loading available Gradle versions] INFO  o.e.b.c.i.u.g.PublishedGradleVersions - Gradle version information cache is up-to-date. Trying to read.
2023-11-29 22:57:30,440 [Worker-3: Building] INFO  o.e.m.c.i.l.LifecycleMappingFactory - Using org.maven.ide.eclipse.wtp.WarLifecycleMapping lifecycle mapping for MavenProject: com.spring.mvc:Spring_MVC01:0.0.1-SNAPSHOT @ D:\work\MVC\Spring_MVC01\pom.xml.
2023-11-29 22:57:32,223 [Worker-3: Building] WARN  o.a.m.s.f.DefaultMavenResourcesFiltering - Using platform encoding (Cp1252 actually) to copy filtered resources, i.e. build is platform dependent!
2023-11-29 22:57:32,232 [Worker-3: Building] INFO  o.a.m.s.f.DefaultMavenResourcesFiltering - Copying 0 resource from src\main\resources to target\classes
2023-11-29 22:57:32,241 [Worker-3: Building] WARN  o.a.m.s.f.DefaultMavenResourcesFiltering - Using platform encoding (Cp1252 actually) to copy filtered resources, i.e. build is platform dependent!
2023-11-29 22:57:32,242 [Worker-3: Building] INFO  o.a.m.s.f.DefaultMavenResourcesFiltering - Copying 0 resource from src\test\resources to target\test-classes
2023-11-29 22:57:32,247 [Worker-3: Building] INFO  o.e.m.w.i.f.ResourceFilteringBuildParticipant - Changed resources require a complete clean of filtered resources of Spring_MVC01
2023-11-29 22:57:32,248 [Worker-3: Building] INFO  o.e.m.w.i.f.ResourceFilteringBuildParticipant - Executing resource filtering for Spring_MVC01
2023-11-29 22:57:32,480 [Worker-25: Updating Maven Project] INFO  o.e.m.c.i.p.ProjectConfigurationManager - Update started
2023-11-29 22:57:32,933 [Worker-25: Updating Maven Project] INFO  o.e.m.c.i.l.LifecycleMappingFactory - Using org.maven.ide.eclipse.wtp.WarLifecycleMapping lifecycle mapping for MavenProject: com.spring.mvc:Spring_MVC01:0.0.1-SNAPSHOT @ D:\work\MVC\Spring_MVC01\pom.xml.
2023-11-29 22:57:34,270 [Worker-25: Updating Maven Project] INFO  o.e.m.j.i.AbstractJavaProjectConfigurator - Adding source folder /Spring_MVC01/src/main/java
2023-11-29 22:57:34,271 [Worker-25: Updating Maven Project] INFO  o.e.m.j.i.AbstractJavaProjectConfigurator - Adding resource folder /Spring_MVC01/src/main/resources
2023-11-29 22:57:34,273 [Worker-25: Updating Maven Project] INFO  o.e.m.j.i.AbstractJavaProjectConfigurator - Adding source folder /Spring_MVC01/src/test/java
2023-11-29 22:57:34,274 [Worker-25: Updating Maven Project] INFO  o.e.m.j.i.AbstractJavaProjectConfigurator - Adding resource folder /Spring_MVC01/src/test/resources
2023-11-29 22:57:35,493 [Worker-25: Updating Maven Project] INFO  o.e.m.w.i.f.ResourceFilteringBuildParticipant - Cleaning filtered folder for Spring_MVC01
2023-11-29 22:57:35,526 [Worker-25: Updating Maven Project] INFO  o.e.m.c.i.p.ProjectConfigurationManager - Update completed for 1 poms: local refresh takes 0.00 sec, refresh facades takes 1.00 sec, update config takes 1.00 sec 
2023-11-29 22:57:35,569 [Worker-19: Updating Maven Project] INFO  o.e.m.c.i.p.ProjectConfigurationManager - Update started
2023-11-29 22:57:35,946 [Worker-19: Updating Maven Project] INFO  o.e.m.c.i.l.LifecycleMappingFactory - Using org.maven.ide.eclipse.wtp.WarLifecycleMapping lifecycle mapping for MavenProject: com.spring.mvc:Spring_MVC01:0.0.1-SNAPSHOT @ D:\work\MVC\Spring_MVC01\pom.xml.
2023-11-29 22:57:36,929 [Worker-19: Updating Maven Project] INFO  o.e.m.j.i.AbstractJavaProjectConfigurator - Adding source folder /Spring_MVC01/src/main/java
2023-11-29 22:57:36,929 [Worker-19: Updating Maven Project] INFO  o.e.m.j.i.AbstractJavaProjectConfigurator - Adding resource folder /Spring_MVC01/src/main/resources
2023-11-29 22:57:36,931 [Worker-19: Updating Maven Project] INFO  o.e.m.j.i.AbstractJavaProjectConfigurator - Adding source folder /Spring_MVC01/src/test/java
2023-11-29 22:57:36,932 [Worker-19: Updating Maven Project] INFO  o.e.m.j.i.AbstractJavaProjectConfigurator - Adding resource folder /Spring_MVC01/src/test/resources
2023-11-29 22:57:37,269 [Worker-19: Updating Maven Project] INFO  o.e.m.w.i.f.ResourceFilteringBuildParticipant - Cleaning filtered folder for Spring_MVC01
2023-11-29 22:57:37,298 [Worker-19: Updating Maven Project] INFO  o.e.m.c.i.p.ProjectConfigurationManager - Update completed for 1 poms: local refresh takes 0.00 sec, refresh facades takes 1.00 sec, update config takes 0.00 sec 
2023-11-29 22:57:39,121 [Worker-26: Building] WARN  o.a.m.s.f.DefaultMavenResourcesFiltering - Using platform encoding (Cp1252 actually) to copy filtered resources, i.e. build is platform dependent!
2023-11-29 22:57:39,124 [Worker-26: Building] INFO  o.a.m.s.f.DefaultMavenResourcesFiltering - Copying 0 resource from src\main\resources to target\classes
2023-11-29 22:57:39,131 [Worker-26: Building] WARN  o.a.m.s.f.DefaultMavenResourcesFiltering - Using platform encoding (Cp1252 actually) to copy filtered resources, i.e. build is platform dependent!
2023-11-29 22:57:39,132 [Worker-26: Building] INFO  o.a.m.s.f.DefaultMavenResourcesFiltering - Copying 0 resource from src\test\resources to target\test-classes
2023-11-29 22:57:39,133 [Worker-26: Building] INFO  o.e.m.w.i.f.ResourceFilteringBuildParticipant - Changed resources require a complete clean of filtered resources of Spring_MVC01
2023-11-29 22:57:39,133 [Worker-26: Building] INFO  o.e.m.w.i.f.ResourceFilteringBuildParticipant - Executing resource filtering for Spring_MVC01
2023-11-29 22:58:55,960 [Worker-3: Updating Maven Dependencies] INFO  o.e.m.c.i.l.LifecycleMappingFactory - Using org.maven.ide.eclipse.wtp.WarLifecycleMapping lifecycle mapping for MavenProject: com.mvc:MVC:0.0.1-SNAPSHOT @ D:\work\MVC\MVC\pom.xml.
2023-11-29 22:58:56,827 [Worker-24: Building] INFO  o.e.m.c.i.l.LifecycleMappingFactory - Using org.maven.ide.eclipse.wtp.WarLifecycleMapping lifecycle mapping for MavenProject: com.spring.mvc:01_Sprinng_mvc_project:0.0.1-SNAPSHOT @ D:\work\MVC\01_Sprinng_mvc_registration\pom.xml.
2023-11-29 22:58:57,185 [Worker-24: Building] WARN  o.a.m.s.f.DefaultMavenResourcesFiltering - Using platform encoding (Cp1252 actually) to copy filtered resources, i.e. build is platform dependent!
2023-11-29 22:58:57,187 [Worker-24: Building] INFO  o.a.m.s.f.DefaultMavenResourcesFiltering - Copying 0 resource from src\main\resources to target\classes
2023-11-29 22:58:57,191 [Worker-24: Building] WARN  o.a.m.s.f.DefaultMavenResourcesFiltering - Using platform encoding (Cp1252 actually) to copy filtered resources, i.e. build is platform dependent!
2023-11-29 22:58:57,192 [Worker-24: Building] INFO  o.a.m.s.f.DefaultMavenResourcesFiltering - skip non existing resourceDirectory D:\work\MVC\01_Sprinng_mvc_registration\src\test\resources
2023-11-29 22:58:57,395 [Worker-9: Updating Maven Dependencies] INFO  o.e.m.c.i.l.LifecycleMappingFactory - Using org.maven.ide.eclipse.wtp.WarLifecycleMapping lifecycle mapping for MavenProject: com.spring.mvc:SpringMvc:0.0.1-SNAPSHOT @ D:\work\MVC\SpringMvc\pom.xml.
2023-11-29 22:58:57,663 [Worker-13: Building] INFO  o.e.m.c.i.l.LifecycleMappingFactory - Using org.maven.ide.eclipse.wtp.WarLifecycleMapping lifecycle mapping for MavenProject: com.spring.mvc:02_Spring_mvc_registration_jdbc:0.0.1-SNAPSHOT @ D:\work\MVC\02_Spring_mvc_registration_jdbc\pom.xml.
2023-11-29 22:58:57,799 [Worker-13: Building] WARN  o.a.m.s.f.DefaultMavenResourcesFiltering - Using platform encoding (Cp1252 actually) to copy filtered resources, i.e. build is platform dependent!
2023-11-29 22:58:57,800 [Worker-13: Building] INFO  o.a.m.s.f.DefaultMavenResourcesFiltering - Copying 0 resource from src\main\resources to target\classes
2023-11-29 22:58:57,804 [Worker-13: Building] WARN  o.a.m.s.f.DefaultMavenResourcesFiltering - Using platform encoding (Cp1252 actually) to copy filtered resources, i.e. build is platform dependent!
2023-11-29 22:58:57,806 [Worker-13: Building] INFO  o.a.m.s.f.DefaultMavenResourcesFiltering - skip non existing resourceDirectory D:\work\MVC\02_Spring_mvc_registration_jdbc\src\test\resources
2023-11-29 22:58:58,249 [Worker-3: Building] WARN  o.a.m.s.f.DefaultMavenResourcesFiltering - Using platform encoding (Cp1252 actually) to copy filtered resources, i.e. build is platform dependent!
2023-11-29 22:58:58,251 [Worker-3: Building] INFO  o.a.m.s.f.DefaultMavenResourcesFiltering - Copying 0 resource from src\main\resources to target\classes
2023-11-29 22:58:58,256 [Worker-3: Building] WARN  o.a.m.s.f.DefaultMavenResourcesFiltering - Using platform encoding (Cp1252 actually) to copy filtered resources, i.e. build is platform dependent!
2023-11-29 22:58:58,258 [Worker-3: Building] INFO  o.a.m.s.f.DefaultMavenResourcesFiltering - skip non existing resourceDirectory D:\work\MVC\MVC\src\test\resources
2023-11-29 22:58:58,398 [Worker-3: Building] INFO  o.e.m.c.i.l.LifecycleMappingFactory - Using org.maven.ide.eclipse.wtp.WarLifecycleMapping lifecycle mapping for MavenProject: com.spring.mvc:SpringMvc:0.0.1-SNAPSHOT @ D:\work\MVC\SpringMvc\pom.xml.
2023-11-29 22:58:59,138 [Worker-3: Building] WARN  o.a.m.s.f.DefaultMavenResourcesFiltering - Using platform encoding (Cp1252 actually) to copy filtered resources, i.e. build is platform dependent!
2023-11-29 22:58:59,139 [Worker-3: Building] INFO  o.a.m.s.f.DefaultMavenResourcesFiltering - Copying 0 resource from src\main\resources to target\classes
2023-11-29 22:58:59,144 [Worker-3: Building] WARN  o.a.m.s.f.DefaultMavenResourcesFiltering - Using platform encoding (Cp1252 actually) to copy filtered resources, i.e. build is platform dependent!
2023-11-29 22:58:59,146 [Worker-3: Building] INFO  o.a.m.s.f.DefaultMavenResourcesFiltering - Copying 0 resource from src\test\resources to target\test-classes
2023-11-29 22:58:59,591 [Worker-6: Building] INFO  o.e.m.c.i.l.LifecycleMappingFactory - Using org.maven.ide.eclipse.wtp.WarLifecycleMapping lifecycle mapping for MavenProject: com.mvc:spring:0.0.1-SNAPSHOT @ D:\work\MVC\spring\pom.xml.
2023-11-29 22:58:59,740 [Worker-6: Building] WARN  o.a.m.s.f.DefaultMavenResourcesFiltering - Using platform encoding (Cp1252 actually) to copy filtered resources, i.e. build is platform dependent!
2023-11-29 22:58:59,742 [Worker-6: Building] INFO  o.a.m.s.f.DefaultMavenResourcesFiltering - Copying 0 resource from src\main\resources to target\classes
2023-11-29 22:58:59,745 [Worker-6: Building] WARN  o.a.m.s.f.DefaultMavenResourcesFiltering - Using platform encoding (Cp1252 actually) to copy filtered resources, i.e. build is platform dependent!
2023-11-29 22:58:59,746 [Worker-6: Building] INFO  o.a.m.s.f.DefaultMavenResourcesFiltering - skip non existing resourceDirectory D:\work\MVC\spring\src\test\resources
2023-11-29 22:59:00,086 [Worker-26: Updating Maven Dependencies] INFO  o.e.m.c.i.l.LifecycleMappingFactory - Using org.maven.ide.eclipse.wtp.WarLifecycleMapping lifecycle mapping for MavenProject: com.spring.mvc:SpringMvc:0.0.1-SNAPSHOT @ D:\work\MVC\SpringMvc\pom.xml.
2023-11-29 23:01:45,583 [Worker-27: Updating Maven Project] INFO  o.e.m.c.i.p.ProjectConfigurationManager - Update started
2023-11-29 23:01:45,670 [Worker-27: Updating Maven Project] INFO  o.e.m.c.i.l.LifecycleMappingFactory - Using org.maven.ide.eclipse.wtp.WarLifecycleMapping lifecycle mapping for MavenProject: com.spring.mvc:SpringMvc:0.0.1-SNAPSHOT @ D:\work\MVC\SpringMvc\pom.xml.
2023-11-29 23:01:45,798 [Worker-27: Updating Maven Project] INFO  o.e.m.j.i.AbstractJavaProjectConfigurator - Adding source folder /SpringMvc/src/main/java
2023-11-29 23:01:45,798 [Worker-27: Updating Maven Project] INFO  o.e.m.j.i.AbstractJavaProjectConfigurator - Adding resource folder /SpringMvc/src/main/resources
2023-11-29 23:01:45,799 [Worker-27: Updating Maven Project] INFO  o.e.m.j.i.AbstractJavaProjectConfigurator - Adding source folder /SpringMvc/src/test/java
2023-11-29 23:01:45,799 [Worker-27: Updating Maven Project] INFO  o.e.m.j.i.AbstractJavaProjectConfigurator - Adding resource folder /SpringMvc/src/test/resources
2023-11-29 23:01:46,267 [Worker-27: Updating Maven Project] INFO  o.e.m.w.i.f.ResourceFilteringBuildParticipant - Cleaning filtered folder for SpringMvc
2023-11-29 23:01:46,279 [Worker-27: Updating Maven Project] INFO  o.e.m.c.i.p.ProjectConfigurationManager - Update completed for 1 poms: local refresh takes 0.00 sec, refresh facades takes 0.00 sec, update config takes 0.00 sec 
2023-11-29 23:01:46,468 [Worker-6: Building] WARN  o.a.m.s.f.DefaultMavenResourcesFiltering - Using platform encoding (Cp1252 actually) to copy filtered resources, i.e. build is platform dependent!
2023-11-29 23:01:46,469 [Worker-6: Building] INFO  o.a.m.s.f.DefaultMavenResourcesFiltering - Copying 0 resource from src\main\resources to target\classes
2023-11-29 23:01:46,473 [Worker-6: Building] WARN  o.a.m.s.f.DefaultMavenResourcesFiltering - Using platform encoding (Cp1252 actually) to copy filtered resources, i.e. build is platform dependent!
2023-11-29 23:01:46,475 [Worker-6: Building] INFO  o.a.m.s.f.DefaultMavenResourcesFiltering - Copying 0 resource from src\test\resources to target\test-classes
2023-11-29 23:01:46,475 [Worker-6: Building] INFO  o.e.m.w.i.f.ResourceFilteringBuildParticipant - Changed resources require a complete clean of filtered resources of SpringMvc
2023-11-29 23:01:46,475 [Worker-6: Building] INFO  o.e.m.w.i.f.ResourceFilteringBuildParticipant - Executing resource filtering for SpringMvc
2023-11-29 23:02:19,784 [Worker-19: Updating Maven Project] INFO  o.e.m.c.i.p.ProjectConfigurationManager - Update started
2023-11-29 23:02:19,863 [Worker-19: Updating Maven Project] INFO  o.e.m.c.i.l.LifecycleMappingFactory - Using org.maven.ide.eclipse.wtp.WarLifecycleMapping lifecycle mapping for MavenProject: com.spring.mvc:SpringMvc:0.0.1-SNAPSHOT @ D:\work\MVC\SpringMvc\pom.xml.
2023-11-29 23:02:20,011 [Worker-19: Updating Maven Project] INFO  o.e.m.j.i.AbstractJavaProjectConfigurator - Adding source folder /SpringMvc/src/main/java
2023-11-29 23:02:20,011 [Worker-19: Updating Maven Project] INFO  o.e.m.j.i.AbstractJavaProjectConfigurator - Adding resource folder /SpringMvc/src/main/resources
2023-11-29 23:02:20,011 [Worker-19: Updating Maven Project] INFO  o.e.m.j.i.AbstractJavaProjectConfigurator - Adding source folder /SpringMvc/src/test/java
2023-11-29 23:02:20,011 [Worker-19: Updating Maven Project] INFO  o.e.m.j.i.AbstractJavaProjectConfigurator - Adding resource folder /SpringMvc/src/test/resources
2023-11-29 23:02:20,263 [Worker-19: Updating Maven Project] INFO  o.e.m.w.i.f.ResourceFilteringBuildParticipant - Cleaning filtered folder for SpringMvc
2023-11-29 23:02:20,273 [Worker-19: Updating Maven Project] INFO  o.e.m.c.i.p.ProjectConfigurationManager - Update completed for 1 poms: local refresh takes 0.00 sec, refresh facades takes 0.00 sec, update config takes 0.00 sec 
2023-11-29 23:02:20,408 [Worker-15: Building] WARN  o.a.m.s.f.DefaultMavenResourcesFiltering - Using platform encoding (Cp1252 actually) to copy filtered resources, i.e. build is platform dependent!
2023-11-29 23:02:20,409 [Worker-15: Building] INFO  o.a.m.s.f.DefaultMavenResourcesFiltering - Copying 0 resource from src\main\resources to target\classes
2023-11-29 23:02:20,413 [Worker-15: Building] WARN  o.a.m.s.f.DefaultMavenResourcesFiltering - Using platform encoding (Cp1252 actually) to copy filtered resources, i.e. build is platform dependent!
2023-11-29 23:02:20,415 [Worker-15: Building] INFO  o.a.m.s.f.DefaultMavenResourcesFiltering - Copying 0 resource from src\test\resources to target\test-classes
2023-11-29 23:02:20,416 [Worker-15: Building] INFO  o.e.m.w.i.f.ResourceFilteringBuildParticipant - Changed resources require a complete clean of filtered resources of SpringMvc
2023-11-29 23:02:20,416 [Worker-15: Building] INFO  o.e.m.w.i.f.ResourceFilteringBuildParticipant - Executing resource filtering for SpringMvc
2023-11-29 23:32:44,452 [Worker-19: Building] WARN  o.a.m.s.f.DefaultMavenResourcesFiltering - Using platform encoding (Cp1252 actually) to copy filtered resources, i.e. build is platform dependent!
2023-11-29 23:32:44,458 [Worker-19: Building] INFO  o.a.m.s.f.DefaultMavenResourcesFiltering - Copying 0 resource from src\main\resources to target\classes
2023-11-29 23:32:44,462 [Worker-19: Building] WARN  o.a.m.s.f.DefaultMavenResourcesFiltering - Using platform encoding (Cp1252 actually) to copy filtered resources, i.e. build is platform dependent!
2023-11-29 23:32:44,464 [Worker-19: Building] INFO  o.a.m.s.f.DefaultMavenResourcesFiltering - Copying 0 resource from src\test\resources to target\test-classes
2023-11-29 23:33:01,154 [Worker-35: Building] WARN  o.a.m.s.f.DefaultMavenResourcesFiltering - Using platform encoding (Cp1252 actually) to copy filtered resources, i.e. build is platform dependent!
2023-11-29 23:33:01,156 [Worker-35: Building] INFO  o.a.m.s.f.DefaultMavenResourcesFiltering - Copying 0 resource from src\main\resources to target\classes
2023-11-29 23:33:01,158 [Worker-35: Building] WARN  o.a.m.s.f.DefaultMavenResourcesFiltering - Using platform encoding (Cp1252 actually) to copy filtered resources, i.e. build is platform dependent!
2023-11-29 23:33:01,160 [Worker-35: Building] INFO  o.a.m.s.f.DefaultMavenResourcesFiltering - Copying 0 resource from src\test\resources to target\test-classes
2023-11-29 23:39:38,286 [Worker-39: Launching mavenrun-ff0fe4c3-8fad-4ec5-926a-d12bf35abf44] INFO  o.eclipse.m2e.core.internal.Bundles - getClasspathEntries(Bundle=org.eclipse.m2e.maven.runtime_3.9.400.20230826-0755 [624])
2023-11-29 23:39:38,290 [Worker-39: Launching mavenrun-ff0fe4c3-8fad-4ec5-926a-d12bf35abf44] INFO  o.eclipse.m2e.core.internal.Bundles - 	Entry: E:\software\eclipse-jee-2023-09-R-win32-x86_64\eclipse\plugins\org.eclipse.m2e.maven.runtime_3.9.400.20230826-0755
2023-11-29 23:39:38,290 [Worker-39: Launching mavenrun-ff0fe4c3-8fad-4ec5-926a-d12bf35abf44] INFO  o.eclipse.m2e.core.internal.Bundles - 	Entry: E:\software\eclipse-jee-2023-09-R-win32-x86_64\eclipse\plugins\org.eclipse.m2e.maven.runtime_3.9.400.20230826-0755\jars\aether-connector-okhttp-0.17.8.jar
2023-11-29 23:39:38,290 [Worker-39: Launching mavenrun-ff0fe4c3-8fad-4ec5-926a-d12bf35abf44] INFO  o.eclipse.m2e.core.internal.Bundles - 	Entry: E:\software\eclipse-jee-2023-09-R-win32-x86_64\eclipse\plugins\org.eclipse.m2e.maven.runtime_3.9.400.20230826-0755\jars\aopalliance-1.0.jar
2023-11-29 23:39:38,290 [Worker-39: Launching mavenrun-ff0fe4c3-8fad-4ec5-926a-d12bf35abf44] INFO  o.eclipse.m2e.core.internal.Bundles - 	Entry: E:\software\eclipse-jee-2023-09-R-win32-x86_64\eclipse\plugins\org.eclipse.m2e.maven.runtime_3.9.400.20230826-0755\jars\commons-lang3-3.12.0.jar
2023-11-29 23:39:38,290 [Worker-39: Launching mavenrun-ff0fe4c3-8fad-4ec5-926a-d12bf35abf44] INFO  o.eclipse.m2e.core.internal.Bundles - 	Entry: E:\software\eclipse-jee-2023-09-R-win32-x86_64\eclipse\plugins\org.eclipse.m2e.maven.runtime_3.9.400.20230826-0755\jars\guice-5.1.0.jar
2023-11-29 23:39:38,290 [Worker-39: Launching mavenrun-ff0fe4c3-8fad-4ec5-926a-d12bf35abf44] INFO  o.eclipse.m2e.core.internal.Bundles - 	Entry: E:\software\eclipse-jee-2023-09-R-win32-x86_64\eclipse\plugins\org.eclipse.m2e.maven.runtime_3.9.400.20230826-0755\jars\jansi-2.4.0.jar
2023-11-29 23:39:38,291 [Worker-39: Launching mavenrun-ff0fe4c3-8fad-4ec5-926a-d12bf35abf44] INFO  o.eclipse.m2e.core.internal.Bundles - 	Entry: E:\software\eclipse-jee-2023-09-R-win32-x86_64\eclipse\plugins\org.eclipse.m2e.maven.runtime_3.9.400.20230826-0755\jars\maven-artifact-3.9.4.jar
2023-11-29 23:39:38,291 [Worker-39: Launching mavenrun-ff0fe4c3-8fad-4ec5-926a-d12bf35abf44] INFO  o.eclipse.m2e.core.internal.Bundles - 	Entry: E:\software\eclipse-jee-2023-09-R-win32-x86_64\eclipse\plugins\org.eclipse.m2e.maven.runtime_3.9.400.20230826-0755\jars\maven-builder-support-3.9.4.jar
2023-11-29 23:39:38,291 [Worker-39: Launching mavenrun-ff0fe4c3-8fad-4ec5-926a-d12bf35abf44] INFO  o.eclipse.m2e.core.internal.Bundles - 	Entry: E:\software\eclipse-jee-2023-09-R-win32-x86_64\eclipse\plugins\org.eclipse.m2e.maven.runtime_3.9.400.20230826-0755\jars\maven-compat-3.9.4.jar
2023-11-29 23:39:38,291 [Worker-39: Launching mavenrun-ff0fe4c3-8fad-4ec5-926a-d12bf35abf44] INFO  o.eclipse.m2e.core.internal.Bundles - 	Entry: E:\software\eclipse-jee-2023-09-R-win32-x86_64\eclipse\plugins\org.eclipse.m2e.maven.runtime_3.9.400.20230826-0755\jars\maven-core-3.9.4.jar
2023-11-29 23:39:38,291 [Worker-39: Launching mavenrun-ff0fe4c3-8fad-4ec5-926a-d12bf35abf44] INFO  o.eclipse.m2e.core.internal.Bundles - 	Entry: E:\software\eclipse-jee-2023-09-R-win32-x86_64\eclipse\plugins\org.eclipse.m2e.maven.runtime_3.9.400.20230826-0755\jars\maven-embedder-3.9.4.jar
2023-11-29 23:39:38,291 [Worker-39: Launching mavenrun-ff0fe4c3-8fad-4ec5-926a-d12bf35abf44] INFO  o.eclipse.m2e.core.internal.Bundles - 	Entry: E:\software\eclipse-jee-2023-09-R-win32-x86_64\eclipse\plugins\org.eclipse.m2e.maven.runtime_3.9.400.20230826-0755\jars\maven-model-3.9.4.jar
2023-11-29 23:39:38,291 [Worker-39: Launching mavenrun-ff0fe4c3-8fad-4ec5-926a-d12bf35abf44] INFO  o.eclipse.m2e.core.internal.Bundles - 	Entry: E:\software\eclipse-jee-2023-09-R-win32-x86_64\eclipse\plugins\org.eclipse.m2e.maven.runtime_3.9.400.20230826-0755\jars\maven-model-builder-3.9.4.jar
2023-11-29 23:39:38,291 [Worker-39: Launching mavenrun-ff0fe4c3-8fad-4ec5-926a-d12bf35abf44] INFO  o.eclipse.m2e.core.internal.Bundles - 	Entry: E:\software\eclipse-jee-2023-09-R-win32-x86_64\eclipse\plugins\org.eclipse.m2e.maven.runtime_3.9.400.20230826-0755\jars\maven-plugin-api-3.9.4.jar
2023-11-29 23:39:38,291 [Worker-39: Launching mavenrun-ff0fe4c3-8fad-4ec5-926a-d12bf35abf44] INFO  o.eclipse.m2e.core.internal.Bundles - 	Entry: E:\software\eclipse-jee-2023-09-R-win32-x86_64\eclipse\plugins\org.eclipse.m2e.maven.runtime_3.9.400.20230826-0755\jars\maven-repository-metadata-3.9.4.jar
2023-11-29 23:39:38,292 [Worker-39: Launching mavenrun-ff0fe4c3-8fad-4ec5-926a-d12bf35abf44] INFO  o.eclipse.m2e.core.internal.Bundles - 	Entry: E:\software\eclipse-jee-2023-09-R-win32-x86_64\eclipse\plugins\org.eclipse.m2e.maven.runtime_3.9.400.20230826-0755\jars\maven-resolver-api-1.9.14.jar
2023-11-29 23:39:38,292 [Worker-39: Launching mavenrun-ff0fe4c3-8fad-4ec5-926a-d12bf35abf44] INFO  o.eclipse.m2e.core.internal.Bundles - 	Entry: E:\software\eclipse-jee-2023-09-R-win32-x86_64\eclipse\plugins\org.eclipse.m2e.maven.runtime_3.9.400.20230826-0755\jars\maven-resolver-connector-basic-1.9.14.jar
2023-11-29 23:39:38,292 [Worker-39: Launching mavenrun-ff0fe4c3-8fad-4ec5-926a-d12bf35abf44] INFO  o.eclipse.m2e.core.internal.Bundles - 	Entry: E:\software\eclipse-jee-2023-09-R-win32-x86_64\eclipse\plugins\org.eclipse.m2e.maven.runtime_3.9.400.20230826-0755\jars\maven-resolver-impl-1.9.14.jar
2023-11-29 23:39:38,292 [Worker-39: Launching mavenrun-ff0fe4c3-8fad-4ec5-926a-d12bf35abf44] INFO  o.eclipse.m2e.core.internal.Bundles - 	Entry: E:\software\eclipse-jee-2023-09-R-win32-x86_64\eclipse\plugins\org.eclipse.m2e.maven.runtime_3.9.400.20230826-0755\jars\maven-resolver-named-locks-1.9.14.jar
2023-11-29 23:39:38,292 [Worker-39: Launching mavenrun-ff0fe4c3-8fad-4ec5-926a-d12bf35abf44] INFO  o.eclipse.m2e.core.internal.Bundles - 	Entry: E:\software\eclipse-jee-2023-09-R-win32-x86_64\eclipse\plugins\org.eclipse.m2e.maven.runtime_3.9.400.20230826-0755\jars\maven-resolver-provider-3.9.4.jar
2023-11-29 23:39:38,292 [Worker-39: Launching mavenrun-ff0fe4c3-8fad-4ec5-926a-d12bf35abf44] INFO  o.eclipse.m2e.core.internal.Bundles - 	Entry: E:\software\eclipse-jee-2023-09-R-win32-x86_64\eclipse\plugins\org.eclipse.m2e.maven.runtime_3.9.400.20230826-0755\jars\maven-resolver-spi-1.9.14.jar
2023-11-29 23:39:38,292 [Worker-39: Launching mavenrun-ff0fe4c3-8fad-4ec5-926a-d12bf35abf44] INFO  o.eclipse.m2e.core.internal.Bundles - 	Entry: E:\software\eclipse-jee-2023-09-R-win32-x86_64\eclipse\plugins\org.eclipse.m2e.maven.runtime_3.9.400.20230826-0755\jars\maven-resolver-transport-wagon-1.9.14.jar
2023-11-29 23:39:38,292 [Worker-39: Launching mavenrun-ff0fe4c3-8fad-4ec5-926a-d12bf35abf44] INFO  o.eclipse.m2e.core.internal.Bundles - 	Entry: E:\software\eclipse-jee-2023-09-R-win32-x86_64\eclipse\plugins\org.eclipse.m2e.maven.runtime_3.9.400.20230826-0755\jars\maven-resolver-util-1.9.14.jar
2023-11-29 23:39:38,292 [Worker-39: Launching mavenrun-ff0fe4c3-8fad-4ec5-926a-d12bf35abf44] INFO  o.eclipse.m2e.core.internal.Bundles - 	Entry: E:\software\eclipse-jee-2023-09-R-win32-x86_64\eclipse\plugins\org.eclipse.m2e.maven.runtime_3.9.400.20230826-0755\jars\maven-settings-3.9.4.jar
2023-11-29 23:39:38,293 [Worker-39: Launching mavenrun-ff0fe4c3-8fad-4ec5-926a-d12bf35abf44] INFO  o.eclipse.m2e.core.internal.Bundles - 	Entry: E:\software\eclipse-jee-2023-09-R-win32-x86_64\eclipse\plugins\org.eclipse.m2e.maven.runtime_3.9.400.20230826-0755\jars\maven-settings-builder-3.9.4.jar
2023-11-29 23:39:38,293 [Worker-39: Launching mavenrun-ff0fe4c3-8fad-4ec5-926a-d12bf35abf44] INFO  o.eclipse.m2e.core.internal.Bundles - 	Entry: E:\software\eclipse-jee-2023-09-R-win32-x86_64\eclipse\plugins\org.eclipse.m2e.maven.runtime_3.9.400.20230826-0755\jars\maven-shared-utils-3.3.4.jar
2023-11-29 23:39:38,293 [Worker-39: Launching mavenrun-ff0fe4c3-8fad-4ec5-926a-d12bf35abf44] INFO  o.eclipse.m2e.core.internal.Bundles - 	Entry: E:\software\eclipse-jee-2023-09-R-win32-x86_64\eclipse\plugins\org.eclipse.m2e.maven.runtime_3.9.400.20230826-0755\jars\okhttp-3.14.1.jar
2023-11-29 23:39:38,293 [Worker-39: Launching mavenrun-ff0fe4c3-8fad-4ec5-926a-d12bf35abf44] INFO  o.eclipse.m2e.core.internal.Bundles - 	Entry: E:\software\eclipse-jee-2023-09-R-win32-x86_64\eclipse\plugins\org.eclipse.m2e.maven.runtime_3.9.400.20230826-0755\jars\okio-1.17.3.jar
2023-11-29 23:39:38,293 [Worker-39: Launching mavenrun-ff0fe4c3-8fad-4ec5-926a-d12bf35abf44] INFO  o.eclipse.m2e.core.internal.Bundles - 	Entry: E:\software\eclipse-jee-2023-09-R-win32-x86_64\eclipse\plugins\org.eclipse.m2e.maven.runtime_3.9.400.20230826-0755\jars\org.eclipse.sisu.inject-0.3.5.jar
2023-11-29 23:39:38,293 [Worker-39: Launching mavenrun-ff0fe4c3-8fad-4ec5-926a-d12bf35abf44] INFO  o.eclipse.m2e.core.internal.Bundles - 	Entry: E:\software\eclipse-jee-2023-09-R-win32-x86_64\eclipse\plugins\org.eclipse.m2e.maven.runtime_3.9.400.20230826-0755\jars\org.eclipse.sisu.plexus-0.3.5.jar
2023-11-29 23:39:38,293 [Worker-39: Launching mavenrun-ff0fe4c3-8fad-4ec5-926a-d12bf35abf44] INFO  o.eclipse.m2e.core.internal.Bundles - 	Entry: E:\software\eclipse-jee-2023-09-R-win32-x86_64\eclipse\plugins\org.eclipse.m2e.maven.runtime_3.9.400.20230826-0755\jars\plexus-build-api-0.0.7.jar
2023-11-29 23:39:38,293 [Worker-39: Launching mavenrun-ff0fe4c3-8fad-4ec5-926a-d12bf35abf44] INFO  o.eclipse.m2e.core.internal.Bundles - 	Entry: E:\software\eclipse-jee-2023-09-R-win32-x86_64\eclipse\plugins\org.eclipse.m2e.maven.runtime_3.9.400.20230826-0755\jars\plexus-cipher-2.0.jar
2023-11-29 23:39:38,293 [Worker-39: Launching mavenrun-ff0fe4c3-8fad-4ec5-926a-d12bf35abf44] INFO  o.eclipse.m2e.core.internal.Bundles - 	Entry: E:\software\eclipse-jee-2023-09-R-win32-x86_64\eclipse\plugins\org.eclipse.m2e.maven.runtime_3.9.400.20230826-0755\jars\plexus-classworlds-2.7.0.jar
2023-11-29 23:39:38,294 [Worker-39: Launching mavenrun-ff0fe4c3-8fad-4ec5-926a-d12bf35abf44] INFO  o.eclipse.m2e.core.internal.Bundles - 	Entry: E:\software\eclipse-jee-2023-09-R-win32-x86_64\eclipse\plugins\org.eclipse.m2e.maven.runtime_3.9.400.20230826-0755\jars\plexus-component-annotations-2.1.0.jar
2023-11-29 23:39:38,294 [Worker-39: Launching mavenrun-ff0fe4c3-8fad-4ec5-926a-d12bf35abf44] INFO  o.eclipse.m2e.core.internal.Bundles - 	Entry: E:\software\eclipse-jee-2023-09-R-win32-x86_64\eclipse\plugins\org.eclipse.m2e.maven.runtime_3.9.400.20230826-0755\jars\plexus-interpolation-1.26.jar
2023-11-29 23:39:38,294 [Worker-39: Launching mavenrun-ff0fe4c3-8fad-4ec5-926a-d12bf35abf44] INFO  o.eclipse.m2e.core.internal.Bundles - 	Entry: E:\software\eclipse-jee-2023-09-R-win32-x86_64\eclipse\plugins\org.eclipse.m2e.maven.runtime_3.9.400.20230826-0755\jars\plexus-sec-dispatcher-2.0.jar
2023-11-29 23:39:38,294 [Worker-39: Launching mavenrun-ff0fe4c3-8fad-4ec5-926a-d12bf35abf44] INFO  o.eclipse.m2e.core.internal.Bundles - 	Entry: E:\software\eclipse-jee-2023-09-R-win32-x86_64\eclipse\plugins\org.eclipse.m2e.maven.runtime_3.9.400.20230826-0755\jars\plexus-utils-3.5.1.jar
2023-11-29 23:39:38,295 [Worker-39: Launching mavenrun-ff0fe4c3-8fad-4ec5-926a-d12bf35abf44] INFO  o.eclipse.m2e.core.internal.Bundles - 	Entry: E:\software\eclipse-jee-2023-09-R-win32-x86_64\eclipse\plugins\org.eclipse.m2e.maven.runtime_3.9.400.20230826-0755\jars\wagon-file-3.5.3.jar
2023-11-29 23:39:38,295 [Worker-39: Launching mavenrun-ff0fe4c3-8fad-4ec5-926a-d12bf35abf44] INFO  o.eclipse.m2e.core.internal.Bundles - 	Entry: E:\software\eclipse-jee-2023-09-R-win32-x86_64\eclipse\plugins\org.eclipse.m2e.maven.runtime_3.9.400.20230826-0755\jars\wagon-provider-api-3.5.3.jar
2023-11-29 23:39:38,298 [Worker-39: Launching mavenrun-ff0fe4c3-8fad-4ec5-926a-d12bf35abf44] INFO  o.eclipse.m2e.core.internal.Bundles - getClasspathEntries(Bundle=com.google.guava_32.1.2.jre [12])
2023-11-29 23:39:38,298 [Worker-39: Launching mavenrun-ff0fe4c3-8fad-4ec5-926a-d12bf35abf44] INFO  o.eclipse.m2e.core.internal.Bundles - 	Entry: E:\software\eclipse-jee-2023-09-R-win32-x86_64\eclipse\plugins\com.google.guava_32.1.2.jre.jar
2023-11-29 23:39:38,298 [Worker-39: Launching mavenrun-ff0fe4c3-8fad-4ec5-926a-d12bf35abf44] INFO  o.eclipse.m2e.core.internal.Bundles - getClasspathEntries(Bundle=slf4j.api_2.0.7 [985])
2023-11-29 23:39:38,299 [Worker-39: Launching mavenrun-ff0fe4c3-8fad-4ec5-926a-d12bf35abf44] INFO  o.eclipse.m2e.core.internal.Bundles - 	Entry: E:\software\eclipse-jee-2023-09-R-win32-x86_64\eclipse\plugins\slf4j.api_2.0.7.jar
2023-11-29 23:39:38,299 [Worker-39: Launching mavenrun-ff0fe4c3-8fad-4ec5-926a-d12bf35abf44] INFO  o.eclipse.m2e.core.internal.Bundles - getClasspathEntries(Bundle=javax.inject_1.0.0.v20220405-0441 [38])
2023-11-29 23:39:38,299 [Worker-39: Launching mavenrun-ff0fe4c3-8fad-4ec5-926a-d12bf35abf44] INFO  o.eclipse.m2e.core.internal.Bundles - 	Entry: E:\software\eclipse-jee-2023-09-R-win32-x86_64\eclipse\plugins\javax.inject_1.0.0.v20220405-0441.jar
2023-11-29 23:39:38,299 [Worker-39: Launching mavenrun-ff0fe4c3-8fad-4ec5-926a-d12bf35abf44] INFO  o.eclipse.m2e.core.internal.Bundles - getClasspathEntries(Bundle=javax.annotation_1.3.5.v20200909-1856 [36])
2023-11-29 23:39:38,300 [Worker-39: Launching mavenrun-ff0fe4c3-8fad-4ec5-926a-d12bf35abf44] INFO  o.eclipse.m2e.core.internal.Bundles - 	Entry: E:\software\eclipse-jee-2023-09-R-win32-x86_64\eclipse\plugins\javax.annotation_1.3.5.v20200909-1856.jar
2023-11-29 23:39:38,300 [Worker-39: Launching mavenrun-ff0fe4c3-8fad-4ec5-926a-d12bf35abf44] INFO  o.eclipse.m2e.core.internal.Bundles - getClasspathEntries(Bundle=org.apache.commons.cli_1.5.0 [73])
2023-11-29 23:39:38,300 [Worker-39: Launching mavenrun-ff0fe4c3-8fad-4ec5-926a-d12bf35abf44] INFO  o.eclipse.m2e.core.internal.Bundles - 	Entry: E:\software\eclipse-jee-2023-09-R-win32-x86_64\eclipse\plugins\org.apache.commons.cli_1.5.0.jar
2023-11-29 23:39:38,300 [Worker-39: Launching mavenrun-ff0fe4c3-8fad-4ec5-926a-d12bf35abf44] INFO  o.eclipse.m2e.core.internal.Bundles - getClasspathEntries(Bundle=com.google.guava.failureaccess_1.0.1 [14])
2023-11-29 23:39:38,301 [Worker-39: Launching mavenrun-ff0fe4c3-8fad-4ec5-926a-d12bf35abf44] INFO  o.eclipse.m2e.core.internal.Bundles - 	Entry: E:\software\eclipse-jee-2023-09-R-win32-x86_64\eclipse\plugins\com.google.guava.failureaccess_1.0.1.jar
2023-11-29 23:39:38,304 [Worker-39: Launching mavenrun-ff0fe4c3-8fad-4ec5-926a-d12bf35abf44] INFO  o.e.m.i.launch.MavenLaunchDelegate - Run build in "C:\Users\Harendra\AppData\Local\Temp\m2e-archetypeGenerator11503776784890366326":
2023-11-29 23:39:38,305 [Worker-39: Launching mavenrun-ff0fe4c3-8fad-4ec5-926a-d12bf35abf44] INFO  o.e.m.i.launch.MavenLaunchDelegate -  mvn  -DarchetypeGroupId=org.apache.maven.archetypes -DarchetypeArtifactId=maven-archetype-webapp -DarchetypeVersion=1.0 -DgroupId=com.Spring_MVC -DartifactId=Harendra -Dversion=0.0.1-SNAPSHOT -Dpackage=com.Spring_MVC.Harendra -DoutputDirectory=D:\work\MVC -Dstyle.color=always -U archetype:generate
2023-11-29 23:39:57,298 [Worker-34: Creating maven-archetype-webapp] INFO  o.e.m.c.i.p.ProjectConfigurationManager - Collecting project info '/pom.xml' D:\work\MVC\Harendra\pom.xml
2023-11-29 23:39:57,407 [Worker-34: Creating maven-archetype-webapp] INFO  o.e.m.c.i.l.LifecycleMappingFactory - Using org.maven.ide.eclipse.wtp.WarLifecycleMapping lifecycle mapping for MavenProject: com.Spring_MVC:Harendra:0.0.1-SNAPSHOT @ D:\work\MVC\Harendra\pom.xml.
2023-11-29 23:39:57,479 [Worker-34: Creating maven-archetype-webapp] INFO  o.e.m.j.i.AbstractJavaProjectConfigurator - Adding source folder /Harendra/src/main/java
2023-11-29 23:39:57,479 [Worker-34: Creating maven-archetype-webapp] INFO  o.e.m.j.i.AbstractJavaProjectConfigurator - Adding resource folder /Harendra/src/main/resources
2023-11-29 23:39:57,480 [Worker-34: Creating maven-archetype-webapp] INFO  o.e.m.j.i.AbstractJavaProjectConfigurator - Adding source folder /Harendra/src/test/java
2023-11-29 23:39:57,480 [Worker-34: Creating maven-archetype-webapp] INFO  o.e.m.j.i.AbstractJavaProjectConfigurator - Adding resource folder /Harendra/src/test/resources
2023-11-29 23:39:58,260 [Worker-34: Creating maven-archetype-webapp] INFO  o.e.m.c.i.p.ProjectConfigurationManager - Imported and configured 1 project(s) in 0 sec
2023-11-29 23:39:58,461 [Worker-40: Building] WARN  o.a.m.s.f.DefaultMavenResourcesFiltering - Using platform encoding (Cp1252 actually) to copy filtered resources, i.e. build is platform dependent!
2023-11-29 23:39:58,465 [Worker-40: Building] INFO  o.a.m.s.f.DefaultMavenResourcesFiltering - Copying 0 resource from src\main\resources to target\classes
2023-11-29 23:39:58,467 [Worker-40: Building] WARN  o.a.m.s.f.DefaultMavenResourcesFiltering - Using platform encoding (Cp1252 actually) to copy filtered resources, i.e. build is platform dependent!
2023-11-29 23:39:58,468 [Worker-40: Building] INFO  o.a.m.s.f.DefaultMavenResourcesFiltering - skip non existing resourceDirectory D:\work\MVC\Harendra\src\test\resources
2023-11-29 23:39:59,642 [Worker-34: Building] WARN  o.a.m.s.f.DefaultMavenResourcesFiltering - Using platform encoding (Cp1252 actually) to copy filtered resources, i.e. build is platform dependent!
2023-11-29 23:39:59,643 [Worker-34: Building] INFO  o.a.m.s.f.DefaultMavenResourcesFiltering - Copying 0 resource from src\main\resources to target\classes
2023-11-29 23:39:59,646 [Worker-34: Building] WARN  o.a.m.s.f.DefaultMavenResourcesFiltering - Using platform encoding (Cp1252 actually) to copy filtered resources, i.e. build is platform dependent!
2023-11-29 23:39:59,647 [Worker-34: Building] INFO  o.a.m.s.f.DefaultMavenResourcesFiltering - skip non existing resourceDirectory D:\work\MVC\Harendra\src\test\resources
2023-11-29 23:40:44,726 [Worker-19: Building] WARN  o.a.m.s.f.DefaultMavenResourcesFiltering - Using platform encoding (Cp1252 actually) to copy filtered resources, i.e. build is platform dependent!
2023-11-29 23:40:44,728 [Worker-19: Building] INFO  o.a.m.s.f.DefaultMavenResourcesFiltering - Copying 0 resource from src\main\resources to target\classes
2023-11-29 23:40:44,730 [Worker-19: Building] WARN  o.a.m.s.f.DefaultMavenResourcesFiltering - Using platform encoding (Cp1252 actually) to copy filtered resources, i.e. build is platform dependent!
2023-11-29 23:40:44,732 [Worker-19: Building] INFO  o.a.m.s.f.DefaultMavenResourcesFiltering - Copying 0 resource from src\test\resources to target\test-classes
2023-11-29 23:41:40,923 [Worker-33: Updating Maven Project] INFO  o.e.m.c.i.p.ProjectConfigurationManager - Update started
2023-11-29 23:41:40,999 [Worker-33: Updating Maven Project] INFO  o.e.m.c.i.l.LifecycleMappingFactory - Using org.maven.ide.eclipse.wtp.WarLifecycleMapping lifecycle mapping for MavenProject: com.Spring_MVC:Harendra:0.0.1-SNAPSHOT @ D:\work\MVC\Harendra\pom.xml.
2023-11-29 23:41:41,067 [Worker-33: Updating Maven Project] INFO  o.e.m.j.i.AbstractJavaProjectConfigurator - Adding source folder /Harendra/src/main/java
2023-11-29 23:41:41,067 [Worker-33: Updating Maven Project] INFO  o.e.m.j.i.AbstractJavaProjectConfigurator - Adding resource folder /Harendra/src/main/resources
2023-11-29 23:41:41,067 [Worker-33: Updating Maven Project] INFO  o.e.m.j.i.AbstractJavaProjectConfigurator - Adding source folder /Harendra/src/test/java
2023-11-29 23:41:41,068 [Worker-33: Updating Maven Project] INFO  o.e.m.j.i.AbstractJavaProjectConfigurator - Adding resource folder /Harendra/src/test/resources
2023-11-29 23:41:41,290 [Worker-33: Updating Maven Project] INFO  o.e.m.w.i.f.ResourceFilteringBuildParticipant - Cleaning filtered folder for Harendra
2023-11-29 23:41:41,298 [Worker-33: Updating Maven Project] INFO  o.e.m.c.i.p.ProjectConfigurationManager - Update completed for 1 poms: local refresh takes 0.00 sec, refresh facades takes 0.00 sec, update config takes 0.00 sec 
2023-11-29 23:41:41,473 [Worker-33: Building] WARN  o.a.m.s.f.DefaultMavenResourcesFiltering - Using platform encoding (Cp1252 actually) to copy filtered resources, i.e. build is platform dependent!
2023-11-29 23:41:41,475 [Worker-33: Building] INFO  o.a.m.s.f.DefaultMavenResourcesFiltering - Copying 0 resource from src\main\resources to target\classes
2023-11-29 23:41:41,477 [Worker-33: Building] WARN  o.a.m.s.f.DefaultMavenResourcesFiltering - Using platform encoding (Cp1252 actually) to copy filtered resources, i.e. build is platform dependent!
2023-11-29 23:41:41,478 [Worker-33: Building] INFO  o.a.m.s.f.DefaultMavenResourcesFiltering - Copying 0 resource from src\test\resources to target\test-classes
2023-11-29 23:41:41,478 [Worker-33: Building] INFO  o.e.m.w.i.f.ResourceFilteringBuildParticipant - Changed resources require a complete clean of filtered resources of Harendra
2023-11-29 23:41:41,478 [Worker-33: Building] INFO  o.e.m.w.i.f.ResourceFilteringBuildParticipant - Executing resource filtering for Harendra
2023-11-29 23:46:17,233 [Worker-0: Loading available Gradle versions] INFO  o.e.b.c.i.u.g.PublishedGradleVersions - Gradle version information cache is up-to-date. Trying to read.
2023-11-29 23:46:41,608 [Worker-22: Building] INFO  o.e.m.c.i.l.LifecycleMappingFactory - Using org.maven.ide.eclipse.wtp.WarLifecycleMapping lifecycle mapping for MavenProject: com.Spring_MVC:Harendra:0.0.1-SNAPSHOT @ D:\work\MVC\Harendra\pom.xml.
2023-11-29 23:46:42,680 [Worker-22: Building] WARN  o.a.m.s.f.DefaultMavenResourcesFiltering - Using platform encoding (Cp1252 actually) to copy filtered resources, i.e. build is platform dependent!
2023-11-29 23:46:42,688 [Worker-22: Building] INFO  o.a.m.s.f.DefaultMavenResourcesFiltering - Copying 0 resource from src\main\resources to target\classes
2023-11-29 23:46:42,694 [Worker-22: Building] WARN  o.a.m.s.f.DefaultMavenResourcesFiltering - Using platform encoding (Cp1252 actually) to copy filtered resources, i.e. build is platform dependent!
2023-11-29 23:46:42,696 [Worker-22: Building] INFO  o.a.m.s.f.DefaultMavenResourcesFiltering - Copying 0 resource from src\test\resources to target\test-classes
2023-11-29 23:46:42,700 [Worker-22: Building] INFO  o.e.m.w.i.f.ResourceFilteringBuildParticipant - Changed resources require a complete clean of filtered resources of Harendra
2023-11-29 23:46:42,701 [Worker-22: Building] INFO  o.e.m.w.i.f.ResourceFilteringBuildParticipant - Executing resource filtering for Harendra
2023-11-29 23:47:01,486 [Worker-13: Updating Maven Project] INFO  o.e.m.c.i.p.ProjectConfigurationManager - Update started
2023-11-29 23:47:01,793 [Worker-13: Updating Maven Project] INFO  o.e.m.c.i.l.LifecycleMappingFactory - Using org.maven.ide.eclipse.wtp.WarLifecycleMapping lifecycle mapping for MavenProject: com.Spring_MVC:Harendra:0.0.1-SNAPSHOT @ D:\work\MVC\Harendra\pom.xml.
2023-11-29 23:47:02,626 [Worker-13: Updating Maven Project] INFO  o.e.m.j.i.AbstractJavaProjectConfigurator - Adding source folder /Harendra/src/main/java
2023-11-29 23:47:02,626 [Worker-13: Updating Maven Project] INFO  o.e.m.j.i.AbstractJavaProjectConfigurator - Adding resource folder /Harendra/src/main/resources
2023-11-29 23:47:02,627 [Worker-13: Updating Maven Project] INFO  o.e.m.j.i.AbstractJavaProjectConfigurator - Adding source folder /Harendra/src/test/java
2023-11-29 23:47:02,628 [Worker-13: Updating Maven Project] INFO  o.e.m.j.i.AbstractJavaProjectConfigurator - Adding resource folder /Harendra/src/test/resources
2023-11-29 23:47:03,246 [Worker-13: Updating Maven Project] INFO  o.e.m.w.i.f.ResourceFilteringBuildParticipant - Cleaning filtered folder for Harendra
2023-11-29 23:47:03,270 [Worker-13: Updating Maven Project] INFO  o.e.m.c.i.p.ProjectConfigurationManager - Update completed for 1 poms: local refresh takes 0.00 sec, refresh facades takes 1.00 sec, update config takes 0.00 sec 
2023-11-29 23:47:03,499 [Worker-4: Building] WARN  o.a.m.s.f.DefaultMavenResourcesFiltering - Using platform encoding (Cp1252 actually) to copy filtered resources, i.e. build is platform dependent!
2023-11-29 23:47:03,501 [Worker-4: Building] INFO  o.a.m.s.f.DefaultMavenResourcesFiltering - Copying 0 resource from src\main\resources to target\classes
2023-11-29 23:47:03,507 [Worker-4: Building] WARN  o.a.m.s.f.DefaultMavenResourcesFiltering - Using platform encoding (Cp1252 actually) to copy filtered resources, i.e. build is platform dependent!
2023-11-29 23:47:03,509 [Worker-4: Building] INFO  o.a.m.s.f.DefaultMavenResourcesFiltering - Copying 0 resource from src\test\resources to target\test-classes
2023-11-29 23:47:03,509 [Worker-4: Building] INFO  o.e.m.w.i.f.ResourceFilteringBuildParticipant - Changed resources require a complete clean of filtered resources of Harendra
2023-11-29 23:47:03,509 [Worker-4: Building] INFO  o.e.m.w.i.f.ResourceFilteringBuildParticipant - Executing resource filtering for Harendra
2023-12-04 23:10:37,360 [Worker-0: Loading available Gradle versions] INFO  o.e.b.c.i.u.g.PublishedGradleVersions - Gradle version information cache is out-of-date. Trying to update.
2023-12-04 23:29:20,332 [Worker-4: Loading available Gradle versions] INFO  o.e.b.c.i.u.g.PublishedGradleVersions - Gradle version information cache is up-to-date. Trying to read.
2023-12-05 00:56:21,463 [Worker-33: Launching mavenrun-65deaf20-ed61-4e15-96ab-c8f1b9dcc417] INFO  o.eclipse.m2e.core.internal.Bundles - getClasspathEntries(Bundle=org.eclipse.m2e.maven.runtime_3.9.400.20230826-0755 [624])
2023-12-05 00:56:21,481 [Worker-33: Launching mavenrun-65deaf20-ed61-4e15-96ab-c8f1b9dcc417] INFO  o.eclipse.m2e.core.internal.Bundles - 	Entry: E:\software\eclipse-jee-2023-09-R-win32-x86_64\eclipse\plugins\org.eclipse.m2e.maven.runtime_3.9.400.20230826-0755
2023-12-05 00:56:21,482 [Worker-33: Launching mavenrun-65deaf20-ed61-4e15-96ab-c8f1b9dcc417] INFO  o.eclipse.m2e.core.internal.Bundles - 	Entry: E:\software\eclipse-jee-2023-09-R-win32-x86_64\eclipse\plugins\org.eclipse.m2e.maven.runtime_3.9.400.20230826-0755\jars\aether-connector-okhttp-0.17.8.jar
2023-12-05 00:56:21,482 [Worker-33: Launching mavenrun-65deaf20-ed61-4e15-96ab-c8f1b9dcc417] INFO  o.eclipse.m2e.core.internal.Bundles - 	Entry: E:\software\eclipse-jee-2023-09-R-win32-x86_64\eclipse\plugins\org.eclipse.m2e.maven.runtime_3.9.400.20230826-0755\jars\aopalliance-1.0.jar
2023-12-05 00:56:21,482 [Worker-33: Launching mavenrun-65deaf20-ed61-4e15-96ab-c8f1b9dcc417] INFO  o.eclipse.m2e.core.internal.Bundles - 	Entry: E:\software\eclipse-jee-2023-09-R-win32-x86_64\eclipse\plugins\org.eclipse.m2e.maven.runtime_3.9.400.20230826-0755\jars\commons-lang3-3.12.0.jar
2023-12-05 00:56:21,483 [Worker-33: Launching mavenrun-65deaf20-ed61-4e15-96ab-c8f1b9dcc417] INFO  o.eclipse.m2e.core.internal.Bundles - 	Entry: E:\software\eclipse-jee-2023-09-R-win32-x86_64\eclipse\plugins\org.eclipse.m2e.maven.runtime_3.9.400.20230826-0755\jars\guice-5.1.0.jar
2023-12-05 00:56:21,483 [Worker-33: Launching mavenrun-65deaf20-ed61-4e15-96ab-c8f1b9dcc417] INFO  o.eclipse.m2e.core.internal.Bundles - 	Entry: E:\software\eclipse-jee-2023-09-R-win32-x86_64\eclipse\plugins\org.eclipse.m2e.maven.runtime_3.9.400.20230826-0755\jars\jansi-2.4.0.jar
2023-12-05 00:56:21,483 [Worker-33: Launching mavenrun-65deaf20-ed61-4e15-96ab-c8f1b9dcc417] INFO  o.eclipse.m2e.core.internal.Bundles - 	Entry: E:\software\eclipse-jee-2023-09-R-win32-x86_64\eclipse\plugins\org.eclipse.m2e.maven.runtime_3.9.400.20230826-0755\jars\maven-artifact-3.9.4.jar
2023-12-05 00:56:21,483 [Worker-33: Launching mavenrun-65deaf20-ed61-4e15-96ab-c8f1b9dcc417] INFO  o.eclipse.m2e.core.internal.Bundles - 	Entry: E:\software\eclipse-jee-2023-09-R-win32-x86_64\eclipse\plugins\org.eclipse.m2e.maven.runtime_3.9.400.20230826-0755\jars\maven-builder-support-3.9.4.jar
2023-12-05 00:56:21,483 [Worker-33: Launching mavenrun-65deaf20-ed61-4e15-96ab-c8f1b9dcc417] INFO  o.eclipse.m2e.core.internal.Bundles - 	Entry: E:\software\eclipse-jee-2023-09-R-win32-x86_64\eclipse\plugins\org.eclipse.m2e.maven.runtime_3.9.400.20230826-0755\jars\maven-compat-3.9.4.jar
2023-12-05 00:56:21,484 [Worker-33: Launching mavenrun-65deaf20-ed61-4e15-96ab-c8f1b9dcc417] INFO  o.eclipse.m2e.core.internal.Bundles - 	Entry: E:\software\eclipse-jee-2023-09-R-win32-x86_64\eclipse\plugins\org.eclipse.m2e.maven.runtime_3.9.400.20230826-0755\jars\maven-core-3.9.4.jar
2023-12-05 00:56:21,484 [Worker-33: Launching mavenrun-65deaf20-ed61-4e15-96ab-c8f1b9dcc417] INFO  o.eclipse.m2e.core.internal.Bundles - 	Entry: E:\software\eclipse-jee-2023-09-R-win32-x86_64\eclipse\plugins\org.eclipse.m2e.maven.runtime_3.9.400.20230826-0755\jars\maven-embedder-3.9.4.jar
2023-12-05 00:56:21,485 [Worker-33: Launching mavenrun-65deaf20-ed61-4e15-96ab-c8f1b9dcc417] INFO  o.eclipse.m2e.core.internal.Bundles - 	Entry: E:\software\eclipse-jee-2023-09-R-win32-x86_64\eclipse\plugins\org.eclipse.m2e.maven.runtime_3.9.400.20230826-0755\jars\maven-model-3.9.4.jar
2023-12-05 00:56:21,485 [Worker-33: Launching mavenrun-65deaf20-ed61-4e15-96ab-c8f1b9dcc417] INFO  o.eclipse.m2e.core.internal.Bundles - 	Entry: E:\software\eclipse-jee-2023-09-R-win32-x86_64\eclipse\plugins\org.eclipse.m2e.maven.runtime_3.9.400.20230826-0755\jars\maven-model-builder-3.9.4.jar
2023-12-05 00:56:21,485 [Worker-33: Launching mavenrun-65deaf20-ed61-4e15-96ab-c8f1b9dcc417] INFO  o.eclipse.m2e.core.internal.Bundles - 	Entry: E:\software\eclipse-jee-2023-09-R-win32-x86_64\eclipse\plugins\org.eclipse.m2e.maven.runtime_3.9.400.20230826-0755\jars\maven-plugin-api-3.9.4.jar
2023-12-05 00:56:21,485 [Worker-33: Launching mavenrun-65deaf20-ed61-4e15-96ab-c8f1b9dcc417] INFO  o.eclipse.m2e.core.internal.Bundles - 	Entry: E:\software\eclipse-jee-2023-09-R-win32-x86_64\eclipse\plugins\org.eclipse.m2e.maven.runtime_3.9.400.20230826-0755\jars\maven-repository-metadata-3.9.4.jar
2023-12-05 00:56:21,485 [Worker-33: Launching mavenrun-65deaf20-ed61-4e15-96ab-c8f1b9dcc417] INFO  o.eclipse.m2e.core.internal.Bundles - 	Entry: E:\software\eclipse-jee-2023-09-R-win32-x86_64\eclipse\plugins\org.eclipse.m2e.maven.runtime_3.9.400.20230826-0755\jars\maven-resolver-api-1.9.14.jar
2023-12-05 00:56:21,485 [Worker-33: Launching mavenrun-65deaf20-ed61-4e15-96ab-c8f1b9dcc417] INFO  o.eclipse.m2e.core.internal.Bundles - 	Entry: E:\software\eclipse-jee-2023-09-R-win32-x86_64\eclipse\plugins\org.eclipse.m2e.maven.runtime_3.9.400.20230826-0755\jars\maven-resolver-connector-basic-1.9.14.jar
2023-12-05 00:56:21,486 [Worker-33: Launching mavenrun-65deaf20-ed61-4e15-96ab-c8f1b9dcc417] INFO  o.eclipse.m2e.core.internal.Bundles - 	Entry: E:\software\eclipse-jee-2023-09-R-win32-x86_64\eclipse\plugins\org.eclipse.m2e.maven.runtime_3.9.400.20230826-0755\jars\maven-resolver-impl-1.9.14.jar
2023-12-05 00:56:21,486 [Worker-33: Launching mavenrun-65deaf20-ed61-4e15-96ab-c8f1b9dcc417] INFO  o.eclipse.m2e.core.internal.Bundles - 	Entry: E:\software\eclipse-jee-2023-09-R-win32-x86_64\eclipse\plugins\org.eclipse.m2e.maven.runtime_3.9.400.20230826-0755\jars\maven-resolver-named-locks-1.9.14.jar
2023-12-05 00:56:21,486 [Worker-33: Launching mavenrun-65deaf20-ed61-4e15-96ab-c8f1b9dcc417] INFO  o.eclipse.m2e.core.internal.Bundles - 	Entry: E:\software\eclipse-jee-2023-09-R-win32-x86_64\eclipse\plugins\org.eclipse.m2e.maven.runtime_3.9.400.20230826-0755\jars\maven-resolver-provider-3.9.4.jar
2023-12-05 00:56:21,486 [Worker-33: Launching mavenrun-65deaf20-ed61-4e15-96ab-c8f1b9dcc417] INFO  o.eclipse.m2e.core.internal.Bundles - 	Entry: E:\software\eclipse-jee-2023-09-R-win32-x86_64\eclipse\plugins\org.eclipse.m2e.maven.runtime_3.9.400.20230826-0755\jars\maven-resolver-spi-1.9.14.jar
2023-12-05 00:56:21,486 [Worker-33: Launching mavenrun-65deaf20-ed61-4e15-96ab-c8f1b9dcc417] INFO  o.eclipse.m2e.core.internal.Bundles - 	Entry: E:\software\eclipse-jee-2023-09-R-win32-x86_64\eclipse\plugins\org.eclipse.m2e.maven.runtime_3.9.400.20230826-0755\jars\maven-resolver-transport-wagon-1.9.14.jar
2023-12-05 00:56:21,486 [Worker-33: Launching mavenrun-65deaf20-ed61-4e15-96ab-c8f1b9dcc417] INFO  o.eclipse.m2e.core.internal.Bundles - 	Entry: E:\software\eclipse-jee-2023-09-R-win32-x86_64\eclipse\plugins\org.eclipse.m2e.maven.runtime_3.9.400.20230826-0755\jars\maven-resolver-util-1.9.14.jar
2023-12-05 00:56:21,487 [Worker-33: Launching mavenrun-65deaf20-ed61-4e15-96ab-c8f1b9dcc417] INFO  o.eclipse.m2e.core.internal.Bundles - 	Entry: E:\software\eclipse-jee-2023-09-R-win32-x86_64\eclipse\plugins\org.eclipse.m2e.maven.runtime_3.9.400.20230826-0755\jars\maven-settings-3.9.4.jar
2023-12-05 00:56:21,487 [Worker-33: Launching mavenrun-65deaf20-ed61-4e15-96ab-c8f1b9dcc417] INFO  o.eclipse.m2e.core.internal.Bundles - 	Entry: E:\software\eclipse-jee-2023-09-R-win32-x86_64\eclipse\plugins\org.eclipse.m2e.maven.runtime_3.9.400.20230826-0755\jars\maven-settings-builder-3.9.4.jar
2023-12-05 00:56:21,487 [Worker-33: Launching mavenrun-65deaf20-ed61-4e15-96ab-c8f1b9dcc417] INFO  o.eclipse.m2e.core.internal.Bundles - 	Entry: E:\software\eclipse-jee-2023-09-R-win32-x86_64\eclipse\plugins\org.eclipse.m2e.maven.runtime_3.9.400.20230826-0755\jars\maven-shared-utils-3.3.4.jar
2023-12-05 00:56:21,488 [Worker-33: Launching mavenrun-65deaf20-ed61-4e15-96ab-c8f1b9dcc417] INFO  o.eclipse.m2e.core.internal.Bundles - 	Entry: E:\software\eclipse-jee-2023-09-R-win32-x86_64\eclipse\plugins\org.eclipse.m2e.maven.runtime_3.9.400.20230826-0755\jars\okhttp-3.14.1.jar
2023-12-05 00:56:21,488 [Worker-33: Launching mavenrun-65deaf20-ed61-4e15-96ab-c8f1b9dcc417] INFO  o.eclipse.m2e.core.internal.Bundles - 	Entry: E:\software\eclipse-jee-2023-09-R-win32-x86_64\eclipse\plugins\org.eclipse.m2e.maven.runtime_3.9.400.20230826-0755\jars\okio-1.17.3.jar
2023-12-05 00:56:21,488 [Worker-33: Launching mavenrun-65deaf20-ed61-4e15-96ab-c8f1b9dcc417] INFO  o.eclipse.m2e.core.internal.Bundles - 	Entry: E:\software\eclipse-jee-2023-09-R-win32-x86_64\eclipse\plugins\org.eclipse.m2e.maven.runtime_3.9.400.20230826-0755\jars\org.eclipse.sisu.inject-0.3.5.jar
2023-12-05 00:56:21,488 [Worker-33: Launching mavenrun-65deaf20-ed61-4e15-96ab-c8f1b9dcc417] INFO  o.eclipse.m2e.core.internal.Bundles - 	Entry: E:\software\eclipse-jee-2023-09-R-win32-x86_64\eclipse\plugins\org.eclipse.m2e.maven.runtime_3.9.400.20230826-0755\jars\org.eclipse.sisu.plexus-0.3.5.jar
2023-12-05 00:56:21,488 [Worker-33: Launching mavenrun-65deaf20-ed61-4e15-96ab-c8f1b9dcc417] INFO  o.eclipse.m2e.core.internal.Bundles - 	Entry: E:\software\eclipse-jee-2023-09-R-win32-x86_64\eclipse\plugins\org.eclipse.m2e.maven.runtime_3.9.400.20230826-0755\jars\plexus-build-api-0.0.7.jar
2023-12-05 00:56:21,488 [Worker-33: Launching mavenrun-65deaf20-ed61-4e15-96ab-c8f1b9dcc417] INFO  o.eclipse.m2e.core.internal.Bundles - 	Entry: E:\software\eclipse-jee-2023-09-R-win32-x86_64\eclipse\plugins\org.eclipse.m2e.maven.runtime_3.9.400.20230826-0755\jars\plexus-cipher-2.0.jar
2023-12-05 00:56:21,489 [Worker-33: Launching mavenrun-65deaf20-ed61-4e15-96ab-c8f1b9dcc417] INFO  o.eclipse.m2e.core.internal.Bundles - 	Entry: E:\software\eclipse-jee-2023-09-R-win32-x86_64\eclipse\plugins\org.eclipse.m2e.maven.runtime_3.9.400.20230826-0755\jars\plexus-classworlds-2.7.0.jar
2023-12-05 00:56:21,489 [Worker-33: Launching mavenrun-65deaf20-ed61-4e15-96ab-c8f1b9dcc417] INFO  o.eclipse.m2e.core.internal.Bundles - 	Entry: E:\software\eclipse-jee-2023-09-R-win32-x86_64\eclipse\plugins\org.eclipse.m2e.maven.runtime_3.9.400.20230826-0755\jars\plexus-component-annotations-2.1.0.jar
2023-12-05 00:56:21,489 [Worker-33: Launching mavenrun-65deaf20-ed61-4e15-96ab-c8f1b9dcc417] INFO  o.eclipse.m2e.core.internal.Bundles - 	Entry: E:\software\eclipse-jee-2023-09-R-win32-x86_64\eclipse\plugins\org.eclipse.m2e.maven.runtime_3.9.400.20230826-0755\jars\plexus-interpolation-1.26.jar
2023-12-05 00:56:21,489 [Worker-33: Launching mavenrun-65deaf20-ed61-4e15-96ab-c8f1b9dcc417] INFO  o.eclipse.m2e.core.internal.Bundles - 	Entry: E:\software\eclipse-jee-2023-09-R-win32-x86_64\eclipse\plugins\org.eclipse.m2e.maven.runtime_3.9.400.20230826-0755\jars\plexus-sec-dispatcher-2.0.jar
2023-12-05 00:56:21,489 [Worker-33: Launching mavenrun-65deaf20-ed61-4e15-96ab-c8f1b9dcc417] INFO  o.eclipse.m2e.core.internal.Bundles - 	Entry: E:\software\eclipse-jee-2023-09-R-win32-x86_64\eclipse\plugins\org.eclipse.m2e.maven.runtime_3.9.400.20230826-0755\jars\plexus-utils-3.5.1.jar
2023-12-05 00:56:21,490 [Worker-33: Launching mavenrun-65deaf20-ed61-4e15-96ab-c8f1b9dcc417] INFO  o.eclipse.m2e.core.internal.Bundles - 	Entry: E:\software\eclipse-jee-2023-09-R-win32-x86_64\eclipse\plugins\org.eclipse.m2e.maven.runtime_3.9.400.20230826-0755\jars\wagon-file-3.5.3.jar
2023-12-05 00:56:21,490 [Worker-33: Launching mavenrun-65deaf20-ed61-4e15-96ab-c8f1b9dcc417] INFO  o.eclipse.m2e.core.internal.Bundles - 	Entry: E:\software\eclipse-jee-2023-09-R-win32-x86_64\eclipse\plugins\org.eclipse.m2e.maven.runtime_3.9.400.20230826-0755\jars\wagon-provider-api-3.5.3.jar
2023-12-05 00:56:21,492 [Worker-33: Launching mavenrun-65deaf20-ed61-4e15-96ab-c8f1b9dcc417] INFO  o.eclipse.m2e.core.internal.Bundles - getClasspathEntries(Bundle=com.google.guava_32.1.2.jre [12])
2023-12-05 00:56:21,493 [Worker-33: Launching mavenrun-65deaf20-ed61-4e15-96ab-c8f1b9dcc417] INFO  o.eclipse.m2e.core.internal.Bundles - 	Entry: E:\software\eclipse-jee-2023-09-R-win32-x86_64\eclipse\plugins\com.google.guava_32.1.2.jre.jar
2023-12-05 00:56:21,494 [Worker-33: Launching mavenrun-65deaf20-ed61-4e15-96ab-c8f1b9dcc417] INFO  o.eclipse.m2e.core.internal.Bundles - getClasspathEntries(Bundle=slf4j.api_2.0.7 [985])
2023-12-05 00:56:21,494 [Worker-33: Launching mavenrun-65deaf20-ed61-4e15-96ab-c8f1b9dcc417] INFO  o.eclipse.m2e.core.internal.Bundles - 	Entry: E:\software\eclipse-jee-2023-09-R-win32-x86_64\eclipse\plugins\slf4j.api_2.0.7.jar
2023-12-05 00:56:21,494 [Worker-33: Launching mavenrun-65deaf20-ed61-4e15-96ab-c8f1b9dcc417] INFO  o.eclipse.m2e.core.internal.Bundles - getClasspathEntries(Bundle=javax.inject_1.0.0.v20220405-0441 [38])
2023-12-05 00:56:21,495 [Worker-33: Launching mavenrun-65deaf20-ed61-4e15-96ab-c8f1b9dcc417] INFO  o.eclipse.m2e.core.internal.Bundles - 	Entry: E:\software\eclipse-jee-2023-09-R-win32-x86_64\eclipse\plugins\javax.inject_1.0.0.v20220405-0441.jar
2023-12-05 00:56:21,495 [Worker-33: Launching mavenrun-65deaf20-ed61-4e15-96ab-c8f1b9dcc417] INFO  o.eclipse.m2e.core.internal.Bundles - getClasspathEntries(Bundle=javax.annotation_1.3.5.v20200909-1856 [36])
2023-12-05 00:56:21,496 [Worker-33: Launching mavenrun-65deaf20-ed61-4e15-96ab-c8f1b9dcc417] INFO  o.eclipse.m2e.core.internal.Bundles - 	Entry: E:\software\eclipse-jee-2023-09-R-win32-x86_64\eclipse\plugins\javax.annotation_1.3.5.v20200909-1856.jar
2023-12-05 00:56:21,496 [Worker-33: Launching mavenrun-65deaf20-ed61-4e15-96ab-c8f1b9dcc417] INFO  o.eclipse.m2e.core.internal.Bundles - getClasspathEntries(Bundle=org.apache.commons.cli_1.5.0 [73])
2023-12-05 00:56:21,496 [Worker-33: Launching mavenrun-65deaf20-ed61-4e15-96ab-c8f1b9dcc417] INFO  o.eclipse.m2e.core.internal.Bundles - 	Entry: E:\software\eclipse-jee-2023-09-R-win32-x86_64\eclipse\plugins\org.apache.commons.cli_1.5.0.jar
2023-12-05 00:56:21,497 [Worker-33: Launching mavenrun-65deaf20-ed61-4e15-96ab-c8f1b9dcc417] INFO  o.eclipse.m2e.core.internal.Bundles - getClasspathEntries(Bundle=com.google.guava.failureaccess_1.0.1 [14])
2023-12-05 00:56:21,498 [Worker-33: Launching mavenrun-65deaf20-ed61-4e15-96ab-c8f1b9dcc417] INFO  o.eclipse.m2e.core.internal.Bundles - 	Entry: E:\software\eclipse-jee-2023-09-R-win32-x86_64\eclipse\plugins\com.google.guava.failureaccess_1.0.1.jar
2023-12-05 00:56:21,505 [Worker-33: Launching mavenrun-65deaf20-ed61-4e15-96ab-c8f1b9dcc417] INFO  o.e.m.i.launch.MavenLaunchDelegate - Run build in "C:\Users\Harendra\AppData\Local\Temp\m2e-archetypeGenerator864570064078496043":
2023-12-05 00:56:21,508 [Worker-33: Launching mavenrun-65deaf20-ed61-4e15-96ab-c8f1b9dcc417] INFO  o.e.m.i.launch.MavenLaunchDelegate -  mvn  -DarchetypeGroupId=org.apache.maven.archetypes -DarchetypeArtifactId=maven-archetype-webapp -DarchetypeVersion=1.0 -DgroupId=com.Spring_MVC -DartifactId=ToDoApp -Dversion=0.0.1-SNAPSHOT -Dpackage=com.Spring_MVC.ToDoApp -DoutputDirectory=D:\work\MVC -Dstyle.color=always -U archetype:generate
2023-12-05 00:56:51,315 [Worker-29: Creating maven-archetype-webapp] INFO  o.e.m.c.i.p.ProjectConfigurationManager - Collecting project info '/pom.xml' D:\work\MVC\ToDoApp\pom.xml
2023-12-05 00:56:56,879 [Worker-29: Creating maven-archetype-webapp] INFO  o.e.m.c.i.l.LifecycleMappingFactory - Using org.maven.ide.eclipse.wtp.WarLifecycleMapping lifecycle mapping for MavenProject: com.Spring_MVC:ToDoApp:0.0.1-SNAPSHOT @ D:\work\MVC\ToDoApp\pom.xml.
2023-12-05 00:57:01,190 [Worker-29: Creating maven-archetype-webapp] INFO  o.e.m.j.i.AbstractJavaProjectConfigurator - Adding source folder /ToDoApp/src/main/java
2023-12-05 00:57:01,191 [Worker-29: Creating maven-archetype-webapp] INFO  o.e.m.j.i.AbstractJavaProjectConfigurator - Adding resource folder /ToDoApp/src/main/resources
2023-12-05 00:57:01,193 [Worker-29: Creating maven-archetype-webapp] INFO  o.e.m.j.i.AbstractJavaProjectConfigurator - Adding source folder /ToDoApp/src/test/java
2023-12-05 00:57:01,194 [Worker-29: Creating maven-archetype-webapp] INFO  o.e.m.j.i.AbstractJavaProjectConfigurator - Adding resource folder /ToDoApp/src/test/resources
2023-12-05 00:57:03,455 [Worker-29: Creating maven-archetype-webapp] INFO  o.e.m.c.i.p.ProjectConfigurationManager - Imported and configured 1 project(s) in 12 sec
2023-12-05 00:57:04,183 [Worker-29: Building] WARN  o.a.m.s.f.DefaultMavenResourcesFiltering - Using platform encoding (Cp1252 actually) to copy filtered resources, i.e. build is platform dependent!
2023-12-05 00:57:04,196 [Worker-29: Building] INFO  o.a.m.s.f.DefaultMavenResourcesFiltering - Copying 0 resource from src\main\resources to target\classes
2023-12-05 00:57:04,206 [Worker-29: Building] WARN  o.a.m.s.f.DefaultMavenResourcesFiltering - Using platform encoding (Cp1252 actually) to copy filtered resources, i.e. build is platform dependent!
2023-12-05 00:57:04,208 [Worker-29: Building] INFO  o.a.m.s.f.DefaultMavenResourcesFiltering - skip non existing resourceDirectory D:\work\MVC\ToDoApp\src\test\resources
2023-12-05 00:59:35,424 [Worker-39: Building] WARN  o.a.m.s.f.DefaultMavenResourcesFiltering - Using platform encoding (Cp1252 actually) to copy filtered resources, i.e. build is platform dependent!
2023-12-05 00:59:35,430 [Worker-39: Building] INFO  o.a.m.s.f.DefaultMavenResourcesFiltering - Copying 0 resource from src\main\resources to target\classes
2023-12-05 00:59:35,435 [Worker-39: Building] WARN  o.a.m.s.f.DefaultMavenResourcesFiltering - Using platform encoding (Cp1252 actually) to copy filtered resources, i.e. build is platform dependent!
2023-12-05 00:59:35,438 [Worker-39: Building] INFO  o.a.m.s.f.DefaultMavenResourcesFiltering - Copying 0 resource from src\test\resources to target\test-classes
2023-12-05 01:11:34,743 [Worker-46: Building] WARN  o.a.m.s.f.DefaultMavenResourcesFiltering - Using platform encoding (Cp1252 actually) to copy filtered resources, i.e. build is platform dependent!
2023-12-05 01:11:34,746 [Worker-46: Building] INFO  o.a.m.s.f.DefaultMavenResourcesFiltering - Copying 0 resource from src\main\resources to target\classes
2023-12-05 01:11:34,750 [Worker-46: Building] WARN  o.a.m.s.f.DefaultMavenResourcesFiltering - Using platform encoding (Cp1252 actually) to copy filtered resources, i.e. build is platform dependent!
2023-12-05 01:11:34,753 [Worker-46: Building] INFO  o.a.m.s.f.DefaultMavenResourcesFiltering - Copying 0 resource from src\test\resources to target\test-classes
2023-12-05 01:12:41,316 [Worker-47: Building] INFO  o.e.m.c.i.l.LifecycleMappingFactory - Using org.maven.ide.eclipse.wtp.WarLifecycleMapping lifecycle mapping for MavenProject: com.Spring_MVC:ToDoApp:0.0.1-SNAPSHOT @ D:\work\MVC\ToDoApp\pom.xml.
2023-12-05 01:12:42,931 [Worker-47: Building] WARN  o.a.m.s.f.DefaultMavenResourcesFiltering - Using platform encoding (Cp1252 actually) to copy filtered resources, i.e. build is platform dependent!
2023-12-05 01:12:42,938 [Worker-47: Building] INFO  o.a.m.s.f.DefaultMavenResourcesFiltering - Copying 0 resource from src\main\resources to target\classes
2023-12-05 01:12:42,946 [Worker-47: Building] WARN  o.a.m.s.f.DefaultMavenResourcesFiltering - Using platform encoding (Cp1252 actually) to copy filtered resources, i.e. build is platform dependent!
2023-12-05 01:12:42,949 [Worker-47: Building] INFO  o.a.m.s.f.DefaultMavenResourcesFiltering - Copying 0 resource from src\test\resources to target\test-classes
2023-12-05 01:12:42,955 [Worker-47: Building] INFO  o.e.m.w.i.f.ResourceFilteringBuildParticipant - Changed resources require a complete clean of filtered resources of ToDoApp
2023-12-05 01:12:42,957 [Worker-47: Building] INFO  o.e.m.w.i.f.ResourceFilteringBuildParticipant - Executing resource filtering for ToDoApp
